{
  "stats": {
    "suites": 0,
    "tests": 1,
    "passes": 1,
    "pending": 0,
    "failures": 0,
    "start": "2022-01-11T15:30:27.727Z",
    "end": "2022-01-11T15:30:42.256Z",
    "duration": 14529,
    "testsRegistered": 1,
    "passPercent": 100,
    "pendingPercent": 0,
    "other": 0,
    "hasOther": false,
    "skipped": 0,
    "hasSkipped": false
  },
  "results": [
    {
      "uuid": "ca5b94ea-5ecc-4880-8460-1e1b2cea0058",
      "title": "",
      "fullFile": "cypress/integration/Login_RightUserName_RightPassword.js",
      "file": "cypress/integration/Login_RightUserName_RightPassword.js",
      "beforeHooks": [],
      "afterHooks": [],
      "tests": [
        {
          "title": "QformsLogin",
          "fullTitle": "QformsLogin",
          "timedOut": null,
          "duration": 12316,
          "state": "passed",
          "speed": "slow",
          "pass": true,
          "fail": false,
          "pending": false,
          "context": "{\n  \"title\": \"cypress-mochawesome-reporter-screenshots\",\n  \"value\": [\n    [\n      {\n        \"title\": \"Screenshot\",\n        \"value\": \"\\\\Login_RightUserName_RightPassword.js\\\\QformsLogin.png\"\n      }\n    ]\n  ]\n}",
          "code": "call.login(); //logging q forms by calling log in function which contains its URL and credentials        \ncy.url().should('include', _link.links.exdashboardlink);\ncy.log(\"you have entered qforms log in page\");\ncy.url().should('eq', _link.links.exdashboardlink); //asserting dashboard url once we logged in \ncy.screenshot();",
          "err": {},
          "uuid": "bbe80e3d-6996-4766-98c5-9f3718a8659d",
          "parentUUID": "ca5b94ea-5ecc-4880-8460-1e1b2cea0058",
          "isHook": false,
          "skipped": false
        }
      ],
      "suites": [],
      "passes": [
        "bbe80e3d-6996-4766-98c5-9f3718a8659d"
      ],
      "failures": [],
      "pending": [],
      "skipped": [],
      "duration": 12316,
      "root": true,
      "rootEmpty": false,
      "_timeout": 2000
    }
  ],
  "meta": {
    "mocha": {
      "version": "7.0.1"
    },
    "mochawesome": {
      "options": {
        "quiet": false,
        "reportFilename": "mochawesome",
        "saveHtml": false,
        "saveJson": true,
        "consoleReporter": "spec",
        "useInlineDiffs": false,
        "code": true
      },
      "version": "7.0.1"
    },
    "marge": {
      "options": {
        "id": "default",
        "reportDir": "cypress/reports/mocha",
        "quite": true,
        "overwrite": false,
        "html": false,
        "json": true
      },
      "version": "6.0.1"
    }
  }
}