{
  "stats": {
    "suites": 0,
    "tests": 1,
    "passes": 1,
    "pending": 0,
    "failures": 0,
    "start": "2022-01-25T16:34:56.403Z",
    "end": "2022-01-25T16:35:07.642Z",
    "duration": 11239,
    "testsRegistered": 1,
    "passPercent": 100,
    "pendingPercent": 0,
    "other": 0,
    "hasOther": false,
    "skipped": 0,
    "hasSkipped": false
  },
  "results": [
    {
      "uuid": "49e36899-8054-4c21-bccf-2eb697a0a9bb",
      "title": "",
      "fullFile": "cypress/integration/apitest.js",
      "file": "cypress/integration/apitest.js",
      "beforeHooks": [],
      "afterHooks": [],
      "tests": [
        {
          "title": "testApI",
          "fullTitle": "testApI",
          "timedOut": null,
          "duration": 10974,
          "state": "passed",
          "speed": "slow",
          "pass": true,
          "fail": false,
          "pending": false,
          "context": null,
          "code": "cy.request('https://m.stripe.com/6').then(response => {\n  expect(response.status).equal(200);\n});",
          "err": {},
          "uuid": "81abc21b-cd1d-454d-ae78-bab70187c83f",
          "parentUUID": "49e36899-8054-4c21-bccf-2eb697a0a9bb",
          "isHook": false,
          "skipped": false
        }
      ],
      "suites": [],
      "passes": [
        "81abc21b-cd1d-454d-ae78-bab70187c83f"
      ],
      "failures": [],
      "pending": [],
      "skipped": [],
      "duration": 10974,
      "root": true,
      "rootEmpty": false,
      "_timeout": 2000
    }
  ],
  "meta": {
    "mocha": {
      "version": "7.0.1"
    },
    "mochawesome": {
      "options": {
        "quiet": false,
        "reportFilename": "mochawesome",
        "saveHtml": false,
        "saveJson": true,
        "consoleReporter": "spec",
        "useInlineDiffs": false,
        "code": true
      },
      "version": "7.0.1"
    },
    "marge": {
      "options": {
        "id": "default",
        "reportDir": "cypress/reports/mocha",
        "quite": true,
        "overwrite": false,
        "html": false,
        "json": true
      },
      "version": "6.0.1"
    }
  }
}