{
  "stats": {
    "suites": 0,
    "tests": 1,
    "passes": 0,
    "pending": 0,
    "failures": 1,
    "start": "2022-01-25T17:10:26.130Z",
    "end": "2022-01-25T17:10:56.931Z",
    "duration": 30801,
    "testsRegistered": 1,
    "passPercent": 0,
    "pendingPercent": 0,
    "other": 0,
    "hasOther": false,
    "skipped": 0,
    "hasSkipped": false
  },
  "results": [
    {
      "uuid": "d8d3c1d6-bc82-49aa-a60c-632f750675a3",
      "title": "",
      "fullFile": "cypress/integration/apitest.js",
      "file": "cypress/integration/apitest.js",
      "beforeHooks": [],
      "afterHooks": [],
      "tests": [
        {
          "title": "testApI",
          "fullTitle": "testApI",
          "timedOut": null,
          "duration": 30693,
          "state": "failed",
          "speed": null,
          "pass": false,
          "fail": true,
          "pending": false,
          "context": "{\n  \"title\": \"cypress-mochawesome-reporter-screenshots\",\n  \"value\": [\n    [\n      {\n        \"title\": \"Failed screenshot\",\n        \"value\": \"/apitest.js/testApI (failed).png\"\n      }\n    ]\n  ]\n}",
          "code": "cy.request('https://m.stripe.com/6').then(response => {\n  expect(response.status).equal(200);\n});",
          "err": {
            "message": "CypressError: `cy.request()` timed out waiting `30000ms` for a response from your server.\n\nThe request we sent was:\n\nMethod: GET\nURL: https://m.stripe.com/6\n\nNo response was received within the timeout.\n\nhttps://on.cypress.io/request",
            "estack": "CypressError: `cy.request()` timed out waiting `30000ms` for a response from your server.\n\nThe request we sent was:\n\nMethod: GET\nURL: https://m.stripe.com/6\n\nNo response was received within the timeout.\n\nhttps://on.cypress.io/request\n    at http://localhost:35255/__cypress/runner/cypress_runner.js:159420:78\n    at tryCatcher (http://localhost:35255/__cypress/runner/cypress_runner.js:13196:23)\n    at http://localhost:35255/__cypress/runner/cypress_runner.js:8318:41\n    at tryCatcher (http://localhost:35255/__cypress/runner/cypress_runner.js:13196:23)\n    at Promise._settlePromiseFromHandler (http://localhost:35255/__cypress/runner/cypress_runner.js:11131:31)\n    at Promise._settlePromise (http://localhost:35255/__cypress/runner/cypress_runner.js:11188:18)\n    at Promise._settlePromise0 (http://localhost:35255/__cypress/runner/cypress_runner.js:11233:10)\n    at Promise._settlePromises (http://localhost:35255/__cypress/runner/cypress_runner.js:11309:18)\n    at _drainQueueStep (http://localhost:35255/__cypress/runner/cypress_runner.js:7903:12)\n    at _drainQueue (http://localhost:35255/__cypress/runner/cypress_runner.js:7896:9)\n    at Async.../../node_modules/bluebird/js/release/async.js.Async._drainQueues (http://localhost:35255/__cypress/runner/cypress_runner.js:7912:5)\n    at Async.drainQueues (http://localhost:35255/__cypress/runner/cypress_runner.js:7782:14)\nFrom Your Spec Code:\n    at Context.eval (http://localhost:35255/__cypress/tests?p=cypress/integration/apitest.js:100:6)",
            "diff": null
          },
          "uuid": "aed75464-2aeb-4c2d-a950-30a6e28e72d2",
          "parentUUID": "d8d3c1d6-bc82-49aa-a60c-632f750675a3",
          "isHook": false,
          "skipped": false
        }
      ],
      "suites": [],
      "passes": [],
      "failures": [
        "aed75464-2aeb-4c2d-a950-30a6e28e72d2"
      ],
      "pending": [],
      "skipped": [],
      "duration": 30693,
      "root": true,
      "rootEmpty": false,
      "_timeout": 2000
    }
  ],
  "meta": {
    "mocha": {
      "version": "7.0.1"
    },
    "mochawesome": {
      "options": {
        "quiet": false,
        "reportFilename": "mochawesome",
        "saveHtml": false,
        "saveJson": true,
        "consoleReporter": "spec",
        "useInlineDiffs": false,
        "code": true
      },
      "version": "7.0.1"
    },
    "marge": {
      "options": {
        "id": "default",
        "reportDir": "cypress/reports/mocha",
        "quite": true,
        "overwrite": false,
        "html": false,
        "json": true
      },
      "version": "6.0.1"
    }
  }
}