{
  "stats": {
    "suites": 1,
    "tests": 1,
    "passes": 1,
    "pending": 0,
    "failures": 0,
    "start": "2022-01-11T15:35:38.875Z",
    "end": "2022-01-11T15:36:41.189Z",
    "duration": 62314,
    "testsRegistered": 1,
    "passPercent": 100,
    "pendingPercent": 0,
    "other": 0,
    "hasOther": false,
    "skipped": 0,
    "hasSkipped": false
  },
  "results": [
    {
      "uuid": "e9fde922-bd9b-4648-9920-ca0f5914cb9b",
      "title": "",
      "fullFile": "cypress/integration/Typography - Jumbotron_12105.js",
      "file": "cypress/integration/Typography - Jumbotron_12105.js",
      "beforeHooks": [],
      "afterHooks": [],
      "tests": [],
      "suites": [
        {
          "uuid": "27b78550-d2fd-4e3b-9c42-60cf71f32f23",
          "title": "Test",
          "fullFile": "",
          "file": "",
          "beforeHooks": [],
          "afterHooks": [],
          "tests": [
            {
              "title": "jumbotron",
              "fullTitle": "Test jumbotron",
              "timedOut": null,
              "duration": 59581,
              "state": "passed",
              "speed": "slow",
              "pass": true,
              "fail": false,
              "pending": false,
              "context": null,
              "code": "call.login();\ncy.wait(3000);\ncy.createform();\ncy.wait(6000); //locating create form on page and clicking on it\ncy.get(_locator.locators.jumboton).drag(_locator.locators.canvas); //list items will be dragged on screen\ncy.get(_locator.locators.properties).click(); //click on properties\ncy.get(_locator.locators.fieldname).should('be.visible').clear().type('jumbotron');\ncy.get(_locator.locators.jumbtitle).clear().type('testing'); //writing title in jumbotron\ncy.get(_locator.locators.jumbdescription).clear().type('testing the butttton below'); //writing description in jumbotron\ncy.get(_locator.locators.buttontext).clear().type('clicknow'); //button text \ncy.get(_locator.locators.buttonurl).clear().type('https://www.facebook.com');\ncy.get(_locator.locators.clickbutton).should('be.visible');\ncy.wait(4000);\ncy.get(_locator.locators.form_preview).click(); //preview \ncy.wait(6000);\ncy.get(_locator.locators.tabletform).should('be.visible').click();\ncy.wait(6000);\ncy.get(_locator.locators.mobileform).should('be.visible').click();\ncy.wait(6000);\ncy.get('.smartphone').should('be.visible'); //using smart phone in preview",
              "err": {},
              "uuid": "9eb7c519-6bb6-4a34-9346-985eb12695f7",
              "parentUUID": "27b78550-d2fd-4e3b-9c42-60cf71f32f23",
              "isHook": false,
              "skipped": false
            }
          ],
          "suites": [],
          "passes": [
            "9eb7c519-6bb6-4a34-9346-985eb12695f7"
          ],
          "failures": [],
          "pending": [],
          "skipped": [],
          "duration": 59581,
          "root": false,
          "rootEmpty": false,
          "_timeout": 2000
        }
      ],
      "passes": [],
      "failures": [],
      "pending": [],
      "skipped": [],
      "duration": 0,
      "root": true,
      "rootEmpty": true,
      "_timeout": 2000
    }
  ],
  "meta": {
    "mocha": {
      "version": "7.0.1"
    },
    "mochawesome": {
      "options": {
        "quiet": false,
        "reportFilename": "mochawesome",
        "saveHtml": false,
        "saveJson": true,
        "consoleReporter": "spec",
        "useInlineDiffs": false,
        "code": true
      },
      "version": "7.0.1"
    },
    "marge": {
      "options": {
        "id": "default",
        "reportDir": "cypress/reports/mocha",
        "quite": true,
        "overwrite": false,
        "html": false,
        "json": true
      },
      "version": "6.0.1"
    }
  }
}