{
  "stats": {
    "suites": 0,
    "tests": 1,
    "passes": 1,
    "pending": 0,
    "failures": 0,
    "start": "2022-01-11T15:30:50.797Z",
    "end": "2022-01-11T15:31:03.675Z",
    "duration": 12878,
    "testsRegistered": 1,
    "passPercent": 100,
    "pendingPercent": 0,
    "other": 0,
    "hasOther": false,
    "skipped": 0,
    "hasSkipped": false
  },
  "results": [
    {
      "uuid": "3cf1d580-5a2f-4eea-9b12-cd2d9f35ee97",
      "title": "",
      "fullFile": "cypress/integration/Login_RightUserName_WrongPassword.js",
      "file": "cypress/integration/Login_RightUserName_WrongPassword.js",
      "beforeHooks": [],
      "afterHooks": [],
      "tests": [
        {
          "title": "invalidPassword",
          "fullTitle": "invalidPassword",
          "timedOut": null,
          "duration": 10957,
          "state": "passed",
          "speed": "slow",
          "pass": true,
          "fail": false,
          "pending": false,
          "context": "{\n  \"title\": \"cypress-mochawesome-reporter-screenshots\",\n  \"value\": [\n    [\n      {\n        \"title\": \"Screenshot\",\n        \"value\": \"\\\\Login_RightUserName_WrongPassword.js\\\\invalidPassword.png\"\n      }\n    ]\n  ]\n}",
          "code": "//typing invalid password\ncall.navigate(url);\ncall.validEmailAddress();\nlet result1 = \"result\";\nlet rpassword = call.generateString(8); //calling function in which we are randomly generating password\ncy.get(_locator.locators.password).type(rpassword);\ncall.onSubmit();\ncy.url().should('include', exlink);\ncall.errormessage(); //capturing error message which we get once we try to log in using invalid password/email\ncy.log(\"log in failed\"); //message\ncy.screenshot();",
          "err": {},
          "uuid": "a4da1b90-5a99-461c-bb49-be01f65b8875",
          "parentUUID": "3cf1d580-5a2f-4eea-9b12-cd2d9f35ee97",
          "isHook": false,
          "skipped": false
        }
      ],
      "suites": [],
      "passes": [
        "a4da1b90-5a99-461c-bb49-be01f65b8875"
      ],
      "failures": [],
      "pending": [],
      "skipped": [],
      "duration": 10957,
      "root": true,
      "rootEmpty": false,
      "_timeout": 2000
    }
  ],
  "meta": {
    "mocha": {
      "version": "7.0.1"
    },
    "mochawesome": {
      "options": {
        "quiet": false,
        "reportFilename": "mochawesome",
        "saveHtml": false,
        "saveJson": true,
        "consoleReporter": "spec",
        "useInlineDiffs": false,
        "code": true
      },
      "version": "7.0.1"
    },
    "marge": {
      "options": {
        "id": "default",
        "reportDir": "cypress/reports/mocha",
        "quite": true,
        "overwrite": false,
        "html": false,
        "json": true
      },
      "version": "6.0.1"
    }
  }
}