{
  "stats": {
    "suites": 1,
    "tests": 0,
    "passes": 0,
    "pending": 0,
    "failures": 0,
    "start": "2022-01-11T15:33:46.156Z",
    "end": "2022-01-11T15:34:19.145Z",
    "duration": 32989,
    "testsRegistered": 1,
    "passPercent": 0,
    "pendingPercent": 0,
    "other": 1,
    "hasOther": true,
    "skipped": 0,
    "hasSkipped": false
  },
  "results": [
    {
      "uuid": "bbcc3645-d3f8-487f-ac0f-9a2002a4a29b",
      "title": "",
      "fullFile": "cypress/integration/Typography - Header_12099.js",
      "file": "cypress/integration/Typography - Header_12099.js",
      "beforeHooks": [],
      "afterHooks": [],
      "tests": [],
      "suites": [
        {
          "uuid": "5d187c7e-19dd-4eef-83f3-468dc9b61232",
          "title": "Test",
          "fullFile": "",
          "file": "",
          "beforeHooks": [],
          "afterHooks": [],
          "tests": [
            {
              "title": "header",
              "fullTitle": "Test header",
              "timedOut": null,
              "duration": 0,
              "state": "failed",
              "speed": null,
              "pass": false,
              "fail": true,
              "pending": false,
              "context": null,
              "code": "call.login();\ncy.wait(3000);\ncy.createform();\ncy.get(_locator.locators.heading).drag(_locator.locators.dragyouroption); //heading will be dragged on screen\ncy.get(_locator.locators.properties).click(); //click on properties\ncy.get(_locator.locators.fieldname).should('be.visible').clear().type('headingform'); //typing in field name\ncy.wait(4000);\ncy.get(_locator.locators.label_header).should('be.visible').clear().type('my first heading label'); //typing in field name\ncy.wait(4000);\ncy.get(_locator.locators.toggle_hide).click(); //check whether subtitle is hidden\ncy.log('subtitle is hidden');\ncy.get(_locator.locators.dropdown_left_rght_top).select('Right');\ncy.get(_locator.locators.dropdown_left_rght_top).select('Left');\ncy.get(_locator.locators.dropdown_left_rght_top).select('Center');\ncy.get(_locator.locators.form_preview).click(); //preview \ncy.wait(6000);\ncy.get(_locator.locators.tabletform).should('be.visible').click();\ncy.wait(6000);\ncy.get(_locator.locators.mobileform).should('be.visible').click();\ncy.get('.smartphone').should('be.visible'); //using smart phone in preview\n// // cy.get('#mat-button-toggle-19-button > .mat-button-toggle-label-content').click() \n// cy.get('[style=\"margin-top: -35px; border: 1px solid #b9afaf; padding-top: 5px; min-height: 85vh; padding-bottom: 5px;\"] > .ng-star-inserted').should('be.visible').click()\n// //^tablet view\n// cy.log(\"tablet view is enabled\")\n// cy.get('#mat-slide-toggle-3').click()//back to form  builder\n// cy.get('.txtarea-heading').should('be.visible').clear().type('hi') //will write hi in header\n// cy.get('div.edit-mode').should('be.visible').clear().type('here check it') //will edit sub title\n// cy.get(':nth-child(4) > .mat-primary').click()//will save it through icon from right\n// cy.get('.toast-message').should('be.visible')//save message\n// cy.log(\"you saved form\")\n// cy.get(':nth-child(4) > .mat-warn > .mat-button-wrapper > .mat-icon').click()//icon save n close from right\n// cy.get('.mat-dialog-content > div').should('be.visible')// are you sure dialog box assert\n// cy.get('[fxlayout=\"row\"] > .mat-primary').click() // clicking confirm pop up to close\n// cy.get(':nth-child(1) > .cdk-column-action > .mat-menu-trigger').click()// actions...",
              "err": {
                "message": "AssertionError: Timed out retrying after 10000ms: Expected to find element: `:nth-child(2) > .column-heading`, but never found it.",
                "estack": "AssertionError: Timed out retrying after 10000ms: Expected to find element: `:nth-child(2) > .column-heading`, but never found it.\n    at Context.eval (https://test.qforms.co/__cypress/tests?p=cypress\\integration\\Typography%2520-%2520Header_12099.js:463:8)",
                "diff": null
              },
              "uuid": "1c0adb0f-7ba8-4c2d-998b-c211f2437916",
              "parentUUID": "5d187c7e-19dd-4eef-83f3-468dc9b61232",
              "isHook": false,
              "skipped": false
            }
          ],
          "suites": [],
          "passes": [],
          "failures": [
            "1c0adb0f-7ba8-4c2d-998b-c211f2437916"
          ],
          "pending": [],
          "skipped": [],
          "duration": 0,
          "root": false,
          "rootEmpty": false,
          "_timeout": 2000
        }
      ],
      "passes": [],
      "failures": [],
      "pending": [],
      "skipped": [],
      "duration": 0,
      "root": true,
      "rootEmpty": true,
      "_timeout": 2000
    }
  ],
  "meta": {
    "mocha": {
      "version": "7.0.1"
    },
    "mochawesome": {
      "options": {
        "quiet": false,
        "reportFilename": "mochawesome",
        "saveHtml": false,
        "saveJson": true,
        "consoleReporter": "spec",
        "useInlineDiffs": false,
        "code": true
      },
      "version": "7.0.1"
    },
    "marge": {
      "options": {
        "id": "default",
        "reportDir": "cypress/reports/mocha",
        "quite": true,
        "overwrite": false,
        "html": false,
        "json": true
      },
      "version": "6.0.1"
    }
  }
}