{
  "stats": {
    "suites": 1,
    "tests": 0,
    "passes": 0,
    "pending": 0,
    "failures": 0,
    "start": "2022-01-27T09:20:58.266Z",
    "end": "2022-01-27T09:21:58.637Z",
    "duration": 60371,
    "testsRegistered": 1,
    "passPercent": 0,
    "pendingPercent": 0,
    "other": 1,
    "hasOther": true,
    "skipped": 0,
    "hasSkipped": false
  },
  "results": [
    {
      "uuid": "fb388210-0079-4cf7-a21d-9b7353f8f724",
      "title": "",
      "fullFile": "cypress/integration/Typography - ListItems_12104.js",
      "file": "cypress/integration/Typography - ListItems_12104.js",
      "beforeHooks": [],
      "afterHooks": [],
      "tests": [],
      "suites": [
        {
          "uuid": "771053a1-af48-403d-a01b-0b765649d8bf",
          "title": "Test",
          "fullFile": "",
          "file": "",
          "beforeHooks": [],
          "afterHooks": [],
          "tests": [
            {
              "title": "list items",
              "fullTitle": "Test list items",
              "timedOut": null,
              "duration": 0,
              "state": "failed",
              "speed": null,
              "pass": false,
              "fail": true,
              "pending": false,
              "context": null,
              "code": "call.login();\ncy.wait(3000);\ncy.createform();\ncy.wait(6000); //locating create form on page and clicking on it\ncy.get(_locator.locators.listitems).drag(_locator.locators.canvas); //list items will be dragged on screen\ncy.get(_locator.locators.properties).click(); //click on properties\ncy.get(_locator.locators.fieldname).should('be.visible').clear().type('items');\ncy.get(_locator.locators.listitemtext).clear().type('apple').type('{enter}').type('mango').type('{enter}').type('orange');\ncy.get(_locator.locators.listtype).select('Unordered'); //changing list order\ncy.get(_locator.locators.fontsize).select('Large'); //changing font size to large\ncy.wait(4000);\ncy.get(_locator.locators.form_preview).click(); //preview \ncy.wait(6000);\ncy.get(_locator.locators.tabletform).should('be.visible').click();\ncy.wait(6000);\ncy.get(_locator.locators.mobileform).should('be.visible').click();\ncy.wait(6000);\ncy.get('.smartphone').should('be.visible'); //using smart phone in preview",
              "err": {
                "message": "CypressError: Timed out after waiting `60000ms` for your remote page to load.\n\nYour page did not fire its `load` event within `60000ms`.\n\nYou can try increasing the `pageLoadTimeout` value in `cypress.json` to wait longer.\n\nBrowsers will not fire the `load` event until all stylesheets and scripts are done downloading.\n\nWhen this `load` event occurs, Cypress will continue running commands.",
                "estack": "CypressError: Timed out after waiting `60000ms` for your remote page to load.\n\nYour page did not fire its `load` event within `60000ms`.\n\nYou can try increasing the `pageLoadTimeout` value in `cypress.json` to wait longer.\n\nBrowsers will not fire the `load` event until all stylesheets and scripts are done downloading.\n\nWhen this `load` event occurs, Cypress will continue running commands.\n    at timedOutWaitingForPageLoad (http://localhost:64568/__cypress/runner/cypress_runner.js:157134:72)\n    at http://localhost:64568/__cypress/runner/cypress_runner.js:158177:16\n    at tryCatcher (http://localhost:64568/__cypress/runner/cypress_runner.js:13196:23)\n    at http://localhost:64568/__cypress/runner/cypress_runner.js:8318:41\n    at tryCatcher (http://localhost:64568/__cypress/runner/cypress_runner.js:13196:23)\n    at Promise._settlePromiseFromHandler (http://localhost:64568/__cypress/runner/cypress_runner.js:11131:31)\n    at Promise._settlePromise (http://localhost:64568/__cypress/runner/cypress_runner.js:11188:18)\n    at Promise._settlePromise0 (http://localhost:64568/__cypress/runner/cypress_runner.js:11233:10)\n    at Promise._settlePromises (http://localhost:64568/__cypress/runner/cypress_runner.js:11309:18)\n    at _drainQueueStep (http://localhost:64568/__cypress/runner/cypress_runner.js:7903:12)\n    at _drainQueue (http://localhost:64568/__cypress/runner/cypress_runner.js:7896:9)\n    at Async.../../node_modules/bluebird/js/release/async.js.Async._drainQueues (http://localhost:64568/__cypress/runner/cypress_runner.js:7912:5)\n    at Async.drainQueues (http://localhost:64568/__cypress/runner/cypress_runner.js:7782:14)\nFrom Your Spec Code:\n    at text.navigate (http://localhost:64568/__cypress/tests?p=cypress\\integration\\Typography%2520-%2520ListItems_12104.js:209:8)\n    at text.login (http://localhost:64568/__cypress/tests?p=cypress\\integration\\Typography%2520-%2520ListItems_12104.js:225:10)\n    at Context.eval (http://localhost:64568/__cypress/tests?p=cypress\\integration\\Typography%2520-%2520ListItems_12104.js:146:10)",
                "diff": null
              },
              "uuid": "2bb71fbc-1b16-49b3-9edb-a9c3e935e752",
              "parentUUID": "771053a1-af48-403d-a01b-0b765649d8bf",
              "isHook": false,
              "skipped": false
            }
          ],
          "suites": [],
          "passes": [],
          "failures": [
            "2bb71fbc-1b16-49b3-9edb-a9c3e935e752"
          ],
          "pending": [],
          "skipped": [],
          "duration": 0,
          "root": false,
          "rootEmpty": false,
          "_timeout": 2000
        }
      ],
      "passes": [],
      "failures": [],
      "pending": [],
      "skipped": [],
      "duration": 0,
      "root": true,
      "rootEmpty": true,
      "_timeout": 2000
    }
  ],
  "meta": {
    "mocha": {
      "version": "7.0.1"
    },
    "mochawesome": {
      "options": {
        "quiet": false,
        "reportFilename": "mochawesome",
        "saveHtml": false,
        "saveJson": true,
        "consoleReporter": "spec",
        "useInlineDiffs": false,
        "code": true
      },
      "version": "7.0.1"
    },
    "marge": {
      "options": {
        "id": "default",
        "reportDir": "cypress/reports/mocha",
        "quite": true,
        "overwrite": false,
        "html": false,
        "json": true
      },
      "version": "6.0.1"
    }
  }
}