{
  "stats": {
    "suites": 0,
    "tests": 1,
    "passes": 1,
    "pending": 0,
    "failures": 0,
    "start": "2022-01-11T15:26:27.128Z",
    "end": "2022-01-11T15:26:40.698Z",
    "duration": 13570,
    "testsRegistered": 1,
    "passPercent": 100,
    "pendingPercent": 0,
    "other": 0,
    "hasOther": false,
    "skipped": 0,
    "hasSkipped": false
  },
  "results": [
    {
      "uuid": "48ce21c5-946a-4fef-8cc4-371b64df99f4",
      "title": "",
      "fullFile": "cypress/integration/ForgetPassword_UnRegisteredEmail.js",
      "file": "cypress/integration/ForgetPassword_UnRegisteredEmail.js",
      "beforeHooks": [],
      "afterHooks": [],
      "tests": [
        {
          "title": "forgetPassword",
          "fullTitle": "forgetPassword",
          "timedOut": null,
          "duration": 11125,
          "state": "passed",
          "speed": "slow",
          "pass": true,
          "fail": false,
          "pending": false,
          "context": "{\n  \"title\": \"cypress-mochawesome-reporter-screenshots\",\n  \"value\": [\n    [\n      {\n        \"title\": \"Screenshot\",\n        \"value\": \"\\\\ForgetPassword_UnRegisteredEmail.js\\\\forgetPassword.png\"\n      }\n    ]\n  ]\n}",
          "code": "call.navigate(url);\ncy.get(_locator.locators.forgetlink).click(); //forgt link click\ncall.forgetpassword_Unreg();\ncy.get(_locator.locators.sendemail).click(); //click on send email\ncy.get(_locator.locators.errormessage).invoke('text').then(labeleror => {\n  //assert label \"error\" whether its there or not\n  expect(labeleror.trim()).to.equal(\"Error\");\n});\ncy.screenshot();",
          "err": {},
          "uuid": "91271cce-9737-4627-a5fd-bb74f234c00e",
          "parentUUID": "48ce21c5-946a-4fef-8cc4-371b64df99f4",
          "isHook": false,
          "skipped": false
        }
      ],
      "suites": [],
      "passes": [
        "91271cce-9737-4627-a5fd-bb74f234c00e"
      ],
      "failures": [],
      "pending": [],
      "skipped": [],
      "duration": 11125,
      "root": true,
      "rootEmpty": false,
      "_timeout": 2000
    }
  ],
  "meta": {
    "mocha": {
      "version": "7.0.1"
    },
    "mochawesome": {
      "options": {
        "quiet": false,
        "reportFilename": "mochawesome",
        "saveHtml": false,
        "saveJson": true,
        "consoleReporter": "spec",
        "useInlineDiffs": false,
        "code": true
      },
      "version": "7.0.1"
    },
    "marge": {
      "options": {
        "id": "default",
        "reportDir": "cypress/reports/mocha",
        "quite": true,
        "overwrite": false,
        "html": false,
        "json": true
      },
      "version": "6.0.1"
    }
  }
}