{
  "stats": {
    "suites": 1,
    "tests": 1,
    "passes": 1,
    "pending": 0,
    "failures": 0,
    "start": "2022-01-11T15:27:39.199Z",
    "end": "2022-01-11T15:28:13.296Z",
    "duration": 34097,
    "testsRegistered": 1,
    "passPercent": 100,
    "pendingPercent": 0,
    "other": 0,
    "hasOther": false,
    "skipped": 0,
    "hasSkipped": false
  },
  "results": [
    {
      "uuid": "ccd69ee8-655d-41b4-baaf-97eb147000cd",
      "title": "",
      "fullFile": "cypress/integration/formcontrol-textarea.js",
      "file": "cypress/integration/formcontrol-textarea.js",
      "beforeHooks": [],
      "afterHooks": [],
      "tests": [],
      "suites": [
        {
          "uuid": "3d40dab6-9c9e-476c-8de7-5d17e92bd981",
          "title": "Test",
          "fullFile": "",
          "file": "",
          "beforeHooks": [],
          "afterHooks": [],
          "tests": [
            {
              "title": "text",
              "fullTitle": "Test text",
              "timedOut": null,
              "duration": 31500,
              "state": "passed",
              "speed": "slow",
              "pass": true,
              "fail": false,
              "pending": false,
              "context": null,
              "code": "call.login();\ncy.wait(6000);\ncy.createform();\ncy.wait(6000); //locating create form on page and clicking on it\ncy.get(_locator.locators.formcontrol).click(); //locating formcontrol and clicking on it\ncy.get(_locator.locators.textarea).click();\ncy.get(_locator.locators.properties).click(); //click on properties\ncy.get(_locator.locators.labeltextt).should('be.visible').clear().type('anycomments'); //label\ncy.get(_locator.locators.dropdown).select('Right');\ncy.get(_locator.locators.fieldsize).select('Large'); //fieldsize\ncy.get(_locator.locators.reqdfield).click(); // making reqd field\ncy.get(_locator.locators.reqdfield).click(); //reverting back ti not reqd field\ncy.get(_locator.locators.placeholder).should('be.visible').clear().type('writedownsuggestions');\ncy.get(_locator.locators.canvas).should('be.visible'); //visibilty of control",
              "err": {},
              "uuid": "dab77fdb-e777-48b8-8029-7b39e788a6a7",
              "parentUUID": "3d40dab6-9c9e-476c-8de7-5d17e92bd981",
              "isHook": false,
              "skipped": false
            }
          ],
          "suites": [],
          "passes": [
            "dab77fdb-e777-48b8-8029-7b39e788a6a7"
          ],
          "failures": [],
          "pending": [],
          "skipped": [],
          "duration": 31500,
          "root": false,
          "rootEmpty": false,
          "_timeout": 2000
        }
      ],
      "passes": [],
      "failures": [],
      "pending": [],
      "skipped": [],
      "duration": 0,
      "root": true,
      "rootEmpty": true,
      "_timeout": 2000
    }
  ],
  "meta": {
    "mocha": {
      "version": "7.0.1"
    },
    "mochawesome": {
      "options": {
        "quiet": false,
        "reportFilename": "mochawesome",
        "saveHtml": false,
        "saveJson": true,
        "consoleReporter": "spec",
        "useInlineDiffs": false,
        "code": true
      },
      "version": "7.0.1"
    },
    "marge": {
      "options": {
        "id": "default",
        "reportDir": "cypress/reports/mocha",
        "quite": true,
        "overwrite": false,
        "html": false,
        "json": true
      },
      "version": "6.0.1"
    }
  }
}