{
  "stats": {
    "suites": 1,
    "tests": 1,
    "passes": 1,
    "pending": 0,
    "failures": 0,
    "start": "2022-01-11T15:38:11.960Z",
    "end": "2022-01-11T15:39:08.424Z",
    "duration": 56464,
    "testsRegistered": 1,
    "passPercent": 100,
    "pendingPercent": 0,
    "other": 0,
    "hasOther": false,
    "skipped": 0,
    "hasSkipped": false
  },
  "results": [
    {
      "uuid": "dbb4f8fb-c9c3-4ac3-aa78-f44ad4e24bd4",
      "title": "",
      "fullFile": "cypress/integration/Typography-2Columntext_12102.js",
      "file": "cypress/integration/Typography-2Columntext_12102.js",
      "beforeHooks": [],
      "afterHooks": [],
      "tests": [],
      "suites": [
        {
          "uuid": "1510858f-40ae-479d-86d2-ec9e32befa3a",
          "title": "Test",
          "fullFile": "",
          "file": "",
          "beforeHooks": [],
          "afterHooks": [],
          "tests": [
            {
              "title": "2Columntext",
              "fullTitle": "Test 2Columntext",
              "timedOut": null,
              "duration": 53834,
              "state": "passed",
              "speed": "slow",
              "pass": true,
              "fail": false,
              "pending": false,
              "context": null,
              "code": "call.login();\ncy.wait(3000);\ncy.createform(); // plus icon working\ncy.get(_locator.locators.twocolumntext).drag(_locator.locators.canvas); //paragraph will be dragged on screen\ncy.get(_locator.locators.properties).click(); //click on properties\ncy.get(_locator.locators.fieldname).should('be.visible').clear().type('twocolumntest');\ncy.get(_locator.locators.image1locator).clear().type(_label.labels.image1url); //typing in image url\ncy.get(_locator.locators.image1columnurl).clear().type(_label.labels.Columntextlabel);\ncy.get(_locator.locators.aligncolumnlocator).select('Top');\ncy.get(_locator.locators.image2locator).clear().type(_label.labels.image1url); //typing in column text\ncy.get(_locator.locators.image2columnurl).clear().type(_label.labels.Columntextlabel);\ncy.wait(4000);\ncy.get(_locator.locators.alignment).select('Top');\ncy.get(_locator.locators.toggle_hide).click(); //autoscale\ncy.get(_locator.locators.img).should('be.visible'); //checking image on canvas\ncy.get(_locator.locators.img2).should('be.visible');\ncy.get(_locator.locators.form_preview).click(); //preview \ncy.wait(6000);\ncy.get(_locator.locators.tabletform).should('be.visible').click();\ncy.wait(6000);\ncy.get(_locator.locators.mobileform).should('be.visible').click();\ncy.wait(6000);\ncy.get('.smartphone').should('be.visible'); //using smart phone in preview",
              "err": {},
              "uuid": "02efe084-eb0d-4d7b-8fc7-7b17d01f89b9",
              "parentUUID": "1510858f-40ae-479d-86d2-ec9e32befa3a",
              "isHook": false,
              "skipped": false
            }
          ],
          "suites": [],
          "passes": [
            "02efe084-eb0d-4d7b-8fc7-7b17d01f89b9"
          ],
          "failures": [],
          "pending": [],
          "skipped": [],
          "duration": 53834,
          "root": false,
          "rootEmpty": false,
          "_timeout": 2000
        }
      ],
      "passes": [],
      "failures": [],
      "pending": [],
      "skipped": [],
      "duration": 0,
      "root": true,
      "rootEmpty": true,
      "_timeout": 2000
    }
  ],
  "meta": {
    "mocha": {
      "version": "7.0.1"
    },
    "mochawesome": {
      "options": {
        "quiet": false,
        "reportFilename": "mochawesome",
        "saveHtml": false,
        "saveJson": true,
        "consoleReporter": "spec",
        "useInlineDiffs": false,
        "code": true
      },
      "version": "7.0.1"
    },
    "marge": {
      "options": {
        "id": "default",
        "reportDir": "cypress/reports/mocha",
        "quite": true,
        "overwrite": false,
        "html": false,
        "json": true
      },
      "version": "6.0.1"
    }
  }
}