{
  "stats": {
    "suites": 0,
    "tests": 1,
    "passes": 0,
    "pending": 0,
    "failures": 1,
    "start": "2022-01-27T09:14:38.050Z",
    "end": "2022-01-27T09:15:38.512Z",
    "duration": 60462,
    "testsRegistered": 1,
    "passPercent": 0,
    "pendingPercent": 0,
    "other": 0,
    "hasOther": false,
    "skipped": 0,
    "hasSkipped": false
  },
  "results": [
    {
      "uuid": "be479ce4-2fe5-4b24-b837-bc298bba63ff",
      "title": "",
      "fullFile": "cypress/integration/Login_WrongUserName_WrongPassword.js",
      "file": "cypress/integration/Login_WrongUserName_WrongPassword.js",
      "beforeHooks": [],
      "afterHooks": [],
      "tests": [
        {
          "title": "InvaLidEmail",
          "fullTitle": "InvaLidEmail",
          "timedOut": null,
          "duration": 60377,
          "state": "failed",
          "speed": null,
          "pass": false,
          "fail": true,
          "pending": false,
          "context": "{\n  \"title\": \"cypress-mochawesome-reporter-screenshots\",\n  \"value\": [\n    [\n      {\n        \"title\": \"Failed screenshot\",\n        \"value\": \"\\\\Login_WrongUserName_WrongPassword.js\\\\InvaLidEmail (failed).png\"\n      }\n    ]\n  ]\n}",
          "code": "//randomly generated email is given thus incorrect email id\ncall.navigate(url); //navigating q forms URL\ncall.remailAddress(); //calling function which generates random email address \nlet rpassword = call.generateString(8); //calling function in which we are randomly generating password\ncy.get(_locator.locators.password).type(rpassword);\ncall.onSubmit();\ncy.url().should('include', exlink); //asserting url as it will still contain url where we enter credentials \ncall.errormessage(); //capturing error message which we get once we try to log in using invalid password/email\ncy.log(\"log in failed\"); //we are giving message that our test case has passed as our log in is failed\ncy.screenshot();",
          "err": {
            "message": "CypressError: Timed out after waiting `60000ms` for your remote page to load.\n\nYour page did not fire its `load` event within `60000ms`.\n\nYou can try increasing the `pageLoadTimeout` value in `cypress.json` to wait longer.\n\nBrowsers will not fire the `load` event until all stylesheets and scripts are done downloading.\n\nWhen this `load` event occurs, Cypress will continue running commands.",
            "estack": "CypressError: Timed out after waiting `60000ms` for your remote page to load.\n\nYour page did not fire its `load` event within `60000ms`.\n\nYou can try increasing the `pageLoadTimeout` value in `cypress.json` to wait longer.\n\nBrowsers will not fire the `load` event until all stylesheets and scripts are done downloading.\n\nWhen this `load` event occurs, Cypress will continue running commands.\n    at timedOutWaitingForPageLoad (http://localhost:64568/__cypress/runner/cypress_runner.js:157134:72)\n    at http://localhost:64568/__cypress/runner/cypress_runner.js:158177:16\n    at tryCatcher (http://localhost:64568/__cypress/runner/cypress_runner.js:13196:23)\n    at http://localhost:64568/__cypress/runner/cypress_runner.js:8318:41\n    at tryCatcher (http://localhost:64568/__cypress/runner/cypress_runner.js:13196:23)\n    at Promise._settlePromiseFromHandler (http://localhost:64568/__cypress/runner/cypress_runner.js:11131:31)\n    at Promise._settlePromise (http://localhost:64568/__cypress/runner/cypress_runner.js:11188:18)\n    at Promise._settlePromise0 (http://localhost:64568/__cypress/runner/cypress_runner.js:11233:10)\n    at Promise._settlePromises (http://localhost:64568/__cypress/runner/cypress_runner.js:11309:18)\n    at _drainQueueStep (http://localhost:64568/__cypress/runner/cypress_runner.js:7903:12)\n    at _drainQueue (http://localhost:64568/__cypress/runner/cypress_runner.js:7896:9)\n    at Async.../../node_modules/bluebird/js/release/async.js.Async._drainQueues (http://localhost:64568/__cypress/runner/cypress_runner.js:7912:5)\n    at Async.drainQueues (http://localhost:64568/__cypress/runner/cypress_runner.js:7782:14)\nFrom Your Spec Code:\n    at text.navigate (http://localhost:64568/__cypress/tests?p=cypress\\integration\\Login_WrongUserName_WrongPassword.js:167:8)\n    at Context.eval (http://localhost:64568/__cypress/tests?p=cypress\\integration\\Login_WrongUserName_WrongPassword.js:114:8)",
            "diff": null
          },
          "uuid": "e0158f39-2a88-464d-b446-d2ba2152a219",
          "parentUUID": "be479ce4-2fe5-4b24-b837-bc298bba63ff",
          "isHook": false,
          "skipped": false
        }
      ],
      "suites": [],
      "passes": [],
      "failures": [
        "e0158f39-2a88-464d-b446-d2ba2152a219"
      ],
      "pending": [],
      "skipped": [],
      "duration": 60377,
      "root": true,
      "rootEmpty": false,
      "_timeout": 2000
    }
  ],
  "meta": {
    "mocha": {
      "version": "7.0.1"
    },
    "mochawesome": {
      "options": {
        "quiet": false,
        "reportFilename": "mochawesome",
        "saveHtml": false,
        "saveJson": true,
        "consoleReporter": "spec",
        "useInlineDiffs": false,
        "code": true
      },
      "version": "7.0.1"
    },
    "marge": {
      "options": {
        "id": "default",
        "reportDir": "cypress/reports/mocha",
        "quite": true,
        "overwrite": false,
        "html": false,
        "json": true
      },
      "version": "6.0.1"
    }
  }
}