{
  "stats": {
    "suites": 1,
    "tests": 1,
    "passes": 1,
    "pending": 0,
    "failures": 0,
    "start": "2022-01-11T15:26:53.239Z",
    "end": "2022-01-11T15:27:27.258Z",
    "duration": 34019,
    "testsRegistered": 1,
    "passPercent": 100,
    "pendingPercent": 0,
    "other": 0,
    "hasOther": false,
    "skipped": 0,
    "hasSkipped": false
  },
  "results": [
    {
      "uuid": "20d17701-f32f-4a03-ac14-aa9bbbe2c0fa",
      "title": "",
      "fullFile": "cypress/integration/formcontrol-number.js",
      "file": "cypress/integration/formcontrol-number.js",
      "beforeHooks": [],
      "afterHooks": [],
      "tests": [],
      "suites": [
        {
          "uuid": "2eda5a62-ae93-4bca-8e5c-e42f3f1657e8",
          "title": "Test",
          "fullFile": "",
          "file": "",
          "beforeHooks": [],
          "afterHooks": [],
          "tests": [
            {
              "title": "text",
              "fullTitle": "Test text",
              "timedOut": null,
              "duration": 31653,
              "state": "passed",
              "speed": "slow",
              "pass": true,
              "fail": false,
              "pending": false,
              "context": null,
              "code": "call.login();\ncy.wait(6000);\ncy.createform();\ncy.wait(6000); //locating create form on page and clicking on it\ncy.get(_locator.locators.formcontrol).click(); //locating formcontrol and clicking on it\ncy.get(_locator.locators.numbercontrol).click();\ncy.get(_locator.locators.properties).click(); //click on properties\ncy.get(_locator.locators.labeltextt).should('be.visible').clear().type('enter your lane no'); //label\ncy.get(_locator.locators.dropdown).select('Right');\ncy.get(_locator.locators.fieldsize).select('Large'); //fieldsize\ncy.get(_locator.locators.reqdfield).click(); // making reqd field\ncy.get(_locator.locators.reqdfield).click(); //reverting back ti not reqd field\ncy.get(_locator.locators.placeholder).should('be.visible').clear().type('lane no');\ncy.get(_locator.locators.canvas).should('be.visible'); //visibilty of control",
              "err": {},
              "uuid": "684d5307-6966-44fe-8e62-d7b50be3b821",
              "parentUUID": "2eda5a62-ae93-4bca-8e5c-e42f3f1657e8",
              "isHook": false,
              "skipped": false
            }
          ],
          "suites": [],
          "passes": [
            "684d5307-6966-44fe-8e62-d7b50be3b821"
          ],
          "failures": [],
          "pending": [],
          "skipped": [],
          "duration": 31653,
          "root": false,
          "rootEmpty": false,
          "_timeout": 2000
        }
      ],
      "passes": [],
      "failures": [],
      "pending": [],
      "skipped": [],
      "duration": 0,
      "root": true,
      "rootEmpty": true,
      "_timeout": 2000
    }
  ],
  "meta": {
    "mocha": {
      "version": "7.0.1"
    },
    "mochawesome": {
      "options": {
        "quiet": false,
        "reportFilename": "mochawesome",
        "saveHtml": false,
        "saveJson": true,
        "consoleReporter": "spec",
        "useInlineDiffs": false,
        "code": true
      },
      "version": "7.0.1"
    },
    "marge": {
      "options": {
        "id": "default",
        "reportDir": "cypress/reports/mocha",
        "quite": true,
        "overwrite": false,
        "html": false,
        "json": true
      },
      "version": "6.0.1"
    }
  }
}