{
  "stats": {
    "suites": 1,
    "tests": 0,
    "passes": 0,
    "pending": 0,
    "failures": 0,
    "start": "2022-01-27T09:23:03.721Z",
    "end": "2022-01-27T09:24:04.123Z",
    "duration": 60402,
    "testsRegistered": 1,
    "passPercent": 0,
    "pendingPercent": 0,
    "other": 1,
    "hasOther": true,
    "skipped": 0,
    "hasSkipped": false
  },
  "results": [
    {
      "uuid": "5e0cc8bb-0ead-4b34-845e-c8e6aedf57ab",
      "title": "",
      "fullFile": "cypress/integration/Typography-features.js",
      "file": "cypress/integration/Typography-features.js",
      "beforeHooks": [],
      "afterHooks": [],
      "tests": [],
      "suites": [
        {
          "uuid": "f1d15a57-eb4c-4f51-8bd3-6e1e92556638",
          "title": "Test",
          "fullFile": "",
          "file": "",
          "beforeHooks": [],
          "afterHooks": [],
          "tests": [
            {
              "title": "features",
              "fullTitle": "Test features",
              "timedOut": null,
              "duration": 0,
              "state": "failed",
              "speed": null,
              "pass": false,
              "fail": true,
              "pending": false,
              "context": null,
              "code": "call.login();\ncy.wait(6000);\ncy.createform();\ncy.wait(6000); //locating create form on page and clicking on it\ncy.get(_locator.locators.feature).drag(_locator.locators.canvas); //list items will be dragged on screen\ncy.get(_locator.locators.properties).click(); //click on properties\ncy.wait(6000);\ncy.get(_locator.locators.fieldname).should('be.visible').clear().type('features');\ncy.get(_locator.locators.heading).should('be.visible'); //heading should be visible\ncy.get(_locator.locators.columntitleleft).click().clear().type('hi');\ncy.wait(6000);\ncy.get(_locator.locators.columntitleleft).type('hi');\ncy.get(_locator.locators.descriptionleft).type('hii');\ncy.get(_locator.locators.buttonlefttext).type('me');\ncy.get(_locator.locators.lefturl).type(_userData.userdata.url4test);\ncy.wait(4000);\ncy.get(_locator.locators.canvasfeatures).should('have.text', _userData.userdata.junkdata); //asserting canvas area whether chnages are reflected\ncy.get(_locator.locators.form_preview).click(); //preview \ncy.wait(6000);\ncy.get(_locator.locators.tabletform).should('be.visible').click();\ncy.wait(6000);\ncy.get(_locator.locators.mobileform).should('be.visible').click();\ncy.wait(6000);\ncy.get('.smartphone').should('be.visible'); //using smart phone in preview",
              "err": {
                "message": "CypressError: Timed out after waiting `60000ms` for your remote page to load.\n\nYour page did not fire its `load` event within `60000ms`.\n\nYou can try increasing the `pageLoadTimeout` value in `cypress.json` to wait longer.\n\nBrowsers will not fire the `load` event until all stylesheets and scripts are done downloading.\n\nWhen this `load` event occurs, Cypress will continue running commands.",
                "estack": "CypressError: Timed out after waiting `60000ms` for your remote page to load.\n\nYour page did not fire its `load` event within `60000ms`.\n\nYou can try increasing the `pageLoadTimeout` value in `cypress.json` to wait longer.\n\nBrowsers will not fire the `load` event until all stylesheets and scripts are done downloading.\n\nWhen this `load` event occurs, Cypress will continue running commands.\n    at timedOutWaitingForPageLoad (http://localhost:64568/__cypress/runner/cypress_runner.js:157134:72)\n    at http://localhost:64568/__cypress/runner/cypress_runner.js:158177:16\n    at tryCatcher (http://localhost:64568/__cypress/runner/cypress_runner.js:13196:23)\n    at http://localhost:64568/__cypress/runner/cypress_runner.js:8318:41\n    at tryCatcher (http://localhost:64568/__cypress/runner/cypress_runner.js:13196:23)\n    at Promise._settlePromiseFromHandler (http://localhost:64568/__cypress/runner/cypress_runner.js:11131:31)\n    at Promise._settlePromise (http://localhost:64568/__cypress/runner/cypress_runner.js:11188:18)\n    at Promise._settlePromise0 (http://localhost:64568/__cypress/runner/cypress_runner.js:11233:10)\n    at Promise._settlePromises (http://localhost:64568/__cypress/runner/cypress_runner.js:11309:18)\n    at _drainQueueStep (http://localhost:64568/__cypress/runner/cypress_runner.js:7903:12)\n    at _drainQueue (http://localhost:64568/__cypress/runner/cypress_runner.js:7896:9)\n    at Async.../../node_modules/bluebird/js/release/async.js.Async._drainQueues (http://localhost:64568/__cypress/runner/cypress_runner.js:7912:5)\n    at Async.drainQueues (http://localhost:64568/__cypress/runner/cypress_runner.js:7782:14)\nFrom Your Spec Code:\n    at text.navigate (http://localhost:64568/__cypress/tests?p=cypress\\integration\\Typography-features.js:247:8)\n    at text.login (http://localhost:64568/__cypress/tests?p=cypress\\integration\\Typography-features.js:263:10)\n    at Context.eval (http://localhost:64568/__cypress/tests?p=cypress\\integration\\Typography-features.js:178:10)",
                "diff": null
              },
              "uuid": "9ba5bf11-db35-48d9-9485-f6582e03ae02",
              "parentUUID": "f1d15a57-eb4c-4f51-8bd3-6e1e92556638",
              "isHook": false,
              "skipped": false
            }
          ],
          "suites": [],
          "passes": [],
          "failures": [
            "9ba5bf11-db35-48d9-9485-f6582e03ae02"
          ],
          "pending": [],
          "skipped": [],
          "duration": 0,
          "root": false,
          "rootEmpty": false,
          "_timeout": 2000
        }
      ],
      "passes": [],
      "failures": [],
      "pending": [],
      "skipped": [],
      "duration": 0,
      "root": true,
      "rootEmpty": true,
      "_timeout": 2000
    }
  ],
  "meta": {
    "mocha": {
      "version": "7.0.1"
    },
    "mochawesome": {
      "options": {
        "quiet": false,
        "reportFilename": "mochawesome",
        "saveHtml": false,
        "saveJson": true,
        "consoleReporter": "spec",
        "useInlineDiffs": false,
        "code": true
      },
      "version": "7.0.1"
    },
    "marge": {
      "options": {
        "id": "default",
        "reportDir": "cypress/reports/mocha",
        "quite": true,
        "overwrite": false,
        "html": false,
        "json": true
      },
      "version": "6.0.1"
    }
  }
}