{
  "stats": {
    "suites": 1,
    "tests": 0,
    "passes": 0,
    "pending": 0,
    "failures": 0,
    "start": "2022-01-27T09:17:49.407Z",
    "end": "2022-01-27T09:18:49.818Z",
    "duration": 60411,
    "testsRegistered": 1,
    "passPercent": 0,
    "pendingPercent": 0,
    "other": 1,
    "hasOther": true,
    "skipped": 0,
    "hasSkipped": false
  },
  "results": [
    {
      "uuid": "fc468132-f307-489f-ab36-3851ff2f81ef",
      "title": "",
      "fullFile": "cypress/integration/Typography - Header_12099.js",
      "file": "cypress/integration/Typography - Header_12099.js",
      "beforeHooks": [],
      "afterHooks": [],
      "tests": [],
      "suites": [
        {
          "uuid": "211abe24-e3ae-4322-875d-26ba09e14b55",
          "title": "Test",
          "fullFile": "",
          "file": "",
          "beforeHooks": [],
          "afterHooks": [],
          "tests": [
            {
              "title": "header",
              "fullTitle": "Test header",
              "timedOut": null,
              "duration": 0,
              "state": "failed",
              "speed": null,
              "pass": false,
              "fail": true,
              "pending": false,
              "context": null,
              "code": "call.login();\ncy.wait(3000);\ncy.createform();\ncy.get(_locator.locators.heading).drag(_locator.locators.dragyouroption); //heading will be dragged on screen\ncy.get(_locator.locators.properties).click(); //click on properties\ncy.get(_locator.locators.fieldname).should('be.visible').clear().type('headingform'); //typing in field name\ncy.wait(4000);\ncy.get(_locator.locators.label_header).should('be.visible').clear().type('my first heading label'); //typing in field name\ncy.wait(4000);\ncy.get(_locator.locators.toggle_hide).click(); //check whether subtitle is hidden\ncy.log('subtitle is hidden');\ncy.get(_locator.locators.dropdown_left_rght_top).select('Right');\ncy.get(_locator.locators.dropdown_left_rght_top).select('Left');\ncy.get(_locator.locators.dropdown_left_rght_top).select('Center');\ncy.get(_locator.locators.form_preview).click(); //preview \ncy.wait(6000);\ncy.get(_locator.locators.tabletform).should('be.visible').click();\ncy.wait(6000);\ncy.get(_locator.locators.mobileform).should('be.visible').click();\ncy.get('.smartphone').should('be.visible'); //using smart phone in preview\n// // cy.get('#mat-button-toggle-19-button > .mat-button-toggle-label-content').click() \n// cy.get('[style=\"margin-top: -35px; border: 1px solid #b9afaf; padding-top: 5px; min-height: 85vh; padding-bottom: 5px;\"] > .ng-star-inserted').should('be.visible').click()\n// //^tablet view\n// cy.log(\"tablet view is enabled\")\n// cy.get('#mat-slide-toggle-3').click()//back to form  builder\n// cy.get('.txtarea-heading').should('be.visible').clear().type('hi') //will write hi in header\n// cy.get('div.edit-mode').should('be.visible').clear().type('here check it') //will edit sub title\n// cy.get(':nth-child(4) > .mat-primary').click()//will save it through icon from right\n// cy.get('.toast-message').should('be.visible')//save message\n// cy.log(\"you saved form\")\n// cy.get(':nth-child(4) > .mat-warn > .mat-button-wrapper > .mat-icon').click()//icon save n close from right\n// cy.get('.mat-dialog-content > div').should('be.visible')// are you sure dialog box assert\n// cy.get('[fxlayout=\"row\"] > .mat-primary').click() // clicking confirm pop up to close\n// cy.get(':nth-child(1) > .cdk-column-action > .mat-menu-trigger').click()// actions...",
              "err": {
                "message": "CypressError: Timed out after waiting `60000ms` for your remote page to load.\n\nYour page did not fire its `load` event within `60000ms`.\n\nYou can try increasing the `pageLoadTimeout` value in `cypress.json` to wait longer.\n\nBrowsers will not fire the `load` event until all stylesheets and scripts are done downloading.\n\nWhen this `load` event occurs, Cypress will continue running commands.",
                "estack": "CypressError: Timed out after waiting `60000ms` for your remote page to load.\n\nYour page did not fire its `load` event within `60000ms`.\n\nYou can try increasing the `pageLoadTimeout` value in `cypress.json` to wait longer.\n\nBrowsers will not fire the `load` event until all stylesheets and scripts are done downloading.\n\nWhen this `load` event occurs, Cypress will continue running commands.\n    at timedOutWaitingForPageLoad (http://localhost:64568/__cypress/runner/cypress_runner.js:157134:72)\n    at http://localhost:64568/__cypress/runner/cypress_runner.js:158177:16\n    at tryCatcher (http://localhost:64568/__cypress/runner/cypress_runner.js:13196:23)\n    at http://localhost:64568/__cypress/runner/cypress_runner.js:8318:41\n    at tryCatcher (http://localhost:64568/__cypress/runner/cypress_runner.js:13196:23)\n    at Promise._settlePromiseFromHandler (http://localhost:64568/__cypress/runner/cypress_runner.js:11131:31)\n    at Promise._settlePromise (http://localhost:64568/__cypress/runner/cypress_runner.js:11188:18)\n    at Promise._settlePromise0 (http://localhost:64568/__cypress/runner/cypress_runner.js:11233:10)\n    at Promise._settlePromises (http://localhost:64568/__cypress/runner/cypress_runner.js:11309:18)\n    at _drainQueueStep (http://localhost:64568/__cypress/runner/cypress_runner.js:7903:12)\n    at _drainQueue (http://localhost:64568/__cypress/runner/cypress_runner.js:7896:9)\n    at Async.../../node_modules/bluebird/js/release/async.js.Async._drainQueues (http://localhost:64568/__cypress/runner/cypress_runner.js:7912:5)\n    at Async.drainQueues (http://localhost:64568/__cypress/runner/cypress_runner.js:7782:14)\nFrom Your Spec Code:\n    at text.navigate (http://localhost:64568/__cypress/tests?p=cypress\\integration\\Typography%2520-%2520Header_12099.js:195:8)\n    at text.login (http://localhost:64568/__cypress/tests?p=cypress\\integration\\Typography%2520-%2520Header_12099.js:211:10)\n    at Context.eval (http://localhost:64568/__cypress/tests?p=cypress\\integration\\Typography%2520-%2520Header_12099.js:116:10)",
                "diff": null
              },
              "uuid": "63a0e270-481d-4bbb-b9ca-09c1293fbe4f",
              "parentUUID": "211abe24-e3ae-4322-875d-26ba09e14b55",
              "isHook": false,
              "skipped": false
            }
          ],
          "suites": [],
          "passes": [],
          "failures": [
            "63a0e270-481d-4bbb-b9ca-09c1293fbe4f"
          ],
          "pending": [],
          "skipped": [],
          "duration": 0,
          "root": false,
          "rootEmpty": false,
          "_timeout": 2000
        }
      ],
      "passes": [],
      "failures": [],
      "pending": [],
      "skipped": [],
      "duration": 0,
      "root": true,
      "rootEmpty": true,
      "_timeout": 2000
    }
  ],
  "meta": {
    "mocha": {
      "version": "7.0.1"
    },
    "mochawesome": {
      "options": {
        "quiet": false,
        "reportFilename": "mochawesome",
        "saveHtml": false,
        "saveJson": true,
        "consoleReporter": "spec",
        "useInlineDiffs": false,
        "code": true
      },
      "version": "7.0.1"
    },
    "marge": {
      "options": {
        "id": "default",
        "reportDir": "cypress/reports/mocha",
        "quite": true,
        "overwrite": false,
        "html": false,
        "json": true
      },
      "version": "6.0.1"
    }
  }
}