{
  "stats": {
    "suites": 0,
    "tests": 1,
    "passes": 1,
    "pending": 0,
    "failures": 0,
    "start": "2022-01-11T15:31:42.922Z",
    "end": "2022-01-11T15:31:57.825Z",
    "duration": 14903,
    "testsRegistered": 1,
    "passPercent": 100,
    "pendingPercent": 0,
    "other": 0,
    "hasOther": false,
    "skipped": 0,
    "hasSkipped": false
  },
  "results": [
    {
      "uuid": "ff4875d6-d1b3-4acd-844b-57fbf8fb3ce5",
      "title": "",
      "fullFile": "cypress/integration/Login_WrongUserName_WrongPassword.js",
      "file": "cypress/integration/Login_WrongUserName_WrongPassword.js",
      "beforeHooks": [],
      "afterHooks": [],
      "tests": [
        {
          "title": "InvaLidEmail",
          "fullTitle": "InvaLidEmail",
          "timedOut": null,
          "duration": 12778,
          "state": "passed",
          "speed": "slow",
          "pass": true,
          "fail": false,
          "pending": false,
          "context": "{\n  \"title\": \"cypress-mochawesome-reporter-screenshots\",\n  \"value\": [\n    [\n      {\n        \"title\": \"Screenshot\",\n        \"value\": \"\\\\Login_WrongUserName_WrongPassword.js\\\\InvaLidEmail.png\"\n      }\n    ]\n  ]\n}",
          "code": "//randomly generated email is given thus incorrect email id\ncall.navigate(url); //navigating q forms URL\ncall.remailAddress(); //calling function which generates random email address \nlet rpassword = call.generateString(8); //calling function in which we are randomly generating password\ncy.get(_locator.locators.password).type(rpassword);\ncall.onSubmit();\ncy.url().should('include', exlink); //asserting url as it will still contain url where we enter credentials \ncall.errormessage(); //capturing error message which we get once we try to log in using invalid password/email\ncy.log(\"log in failed\"); //we are giving message that our test case has passed as our log in is failed\ncy.screenshot();",
          "err": {},
          "uuid": "67361172-7392-40d3-9780-2283b7f6b9ac",
          "parentUUID": "ff4875d6-d1b3-4acd-844b-57fbf8fb3ce5",
          "isHook": false,
          "skipped": false
        }
      ],
      "suites": [],
      "passes": [
        "67361172-7392-40d3-9780-2283b7f6b9ac"
      ],
      "failures": [],
      "pending": [],
      "skipped": [],
      "duration": 12778,
      "root": true,
      "rootEmpty": false,
      "_timeout": 2000
    }
  ],
  "meta": {
    "mocha": {
      "version": "7.0.1"
    },
    "mochawesome": {
      "options": {
        "quiet": false,
        "reportFilename": "mochawesome",
        "saveHtml": false,
        "saveJson": true,
        "consoleReporter": "spec",
        "useInlineDiffs": false,
        "code": true
      },
      "version": "7.0.1"
    },
    "marge": {
      "options": {
        "id": "default",
        "reportDir": "cypress/reports/mocha",
        "quite": true,
        "overwrite": false,
        "html": false,
        "json": true
      },
      "version": "6.0.1"
    }
  }
}