{
  "stats": {
    "suites": 1,
    "tests": 1,
    "passes": 1,
    "pending": 0,
    "failures": 0,
    "start": "2022-01-11T15:41:04.387Z",
    "end": "2022-01-11T15:41:56.098Z",
    "duration": 51711,
    "testsRegistered": 1,
    "passPercent": 100,
    "pendingPercent": 0,
    "other": 0,
    "hasOther": false,
    "skipped": 0,
    "hasSkipped": false
  },
  "results": [
    {
      "uuid": "8dda1d08-fd84-4952-8003-6d0b8705f25a",
      "title": "",
      "fullFile": "cypress/integration/Typography-Paragraph_12100.js",
      "file": "cypress/integration/Typography-Paragraph_12100.js",
      "beforeHooks": [],
      "afterHooks": [],
      "tests": [],
      "suites": [
        {
          "uuid": "884c94b0-5d3c-4464-963e-ed5ecc3a3148",
          "title": "Test",
          "fullFile": "",
          "file": "",
          "beforeHooks": [],
          "afterHooks": [],
          "tests": [
            {
              "title": "paragraph",
              "fullTitle": "Test paragraph",
              "timedOut": null,
              "duration": 49092,
              "state": "passed",
              "speed": "slow",
              "pass": true,
              "fail": false,
              "pending": false,
              "context": null,
              "code": "call.login();\ncy.wait(3000);\ncy.createform(); // plus icon working\ncy.get(_locator.locators.paragraph).drag(_locator.locators.canvas); //paragraph will be dragged on screen\ncy.get(_locator.locators.paragraph).click(); //adding paragraph by click\ncy.get(_locator.locators.properties).click(); //click on properties\ncy.get(_locator.locators.fieldname).should('be.visible').clear().type('paragraphform');\ncy.get(_locator.locators.label_text).should('be.visible').clear().type('my first paragrph label'); //typing in field name\ncy.wait(4000);\ncy.get(_locator.locators.dropdown_left_rght_top_para).select('Right');\ncy.get(_locator.locators.dropdown_left_rght_top_para).select('Left');\ncy.get(_locator.locators.dropdown_left_rght_top_para).select('Center');\ncy.get(_locator.locators.form_preview).click(); //preview \ncy.wait(6000);\ncy.get(_locator.locators.tabletform).should('be.visible').click(); //tablet\ncy.wait(6000);\ncy.get(_locator.locators.mobileform).should('be.visible').click(); //[phone]\ncy.wait(6000);\ncy.contains('Potrait').click();\ncy.get('.smartphone').should('be.visible'); //using smart phone in preview",
              "err": {},
              "uuid": "0c237d04-219c-4d2a-a174-77134f57b9d7",
              "parentUUID": "884c94b0-5d3c-4464-963e-ed5ecc3a3148",
              "isHook": false,
              "skipped": false
            }
          ],
          "suites": [],
          "passes": [
            "0c237d04-219c-4d2a-a174-77134f57b9d7"
          ],
          "failures": [],
          "pending": [],
          "skipped": [],
          "duration": 49092,
          "root": false,
          "rootEmpty": false,
          "_timeout": 2000
        }
      ],
      "passes": [],
      "failures": [],
      "pending": [],
      "skipped": [],
      "duration": 0,
      "root": true,
      "rootEmpty": true,
      "_timeout": 2000
    }
  ],
  "meta": {
    "mocha": {
      "version": "7.0.1"
    },
    "mochawesome": {
      "options": {
        "quiet": false,
        "reportFilename": "mochawesome",
        "saveHtml": false,
        "saveJson": true,
        "consoleReporter": "spec",
        "useInlineDiffs": false,
        "code": true
      },
      "version": "7.0.1"
    },
    "marge": {
      "options": {
        "id": "default",
        "reportDir": "cypress/reports/mocha",
        "quite": true,
        "overwrite": false,
        "html": false,
        "json": true
      },
      "version": "6.0.1"
    }
  }
}